2020-12-15 13:54:40 DEBUG Main:35 - Аутентификация прошла успешно
2020-12-15 14:02:52 TRACE Main:35 - Не найден пользователь с таким email и паролем
2020-12-15 14:03:03 TRACE Main:35 - Аутентификация прошла успешно
2020-12-15 14:19:24 INFO  ChatServer:26 - Сервер запускается...
2020-12-15 14:19:24 INFO  ChatServer:31 - Сервер успешно запущен
2020-12-15 14:19:24 INFO  ChatServer:35 - Сервер ождидает подключения клиента...
2020-12-15 14:19:38 INFO  ChatServer:38 - Клиент успешно подключился. Сокет: Socket[addr=/127.0.0.1,port=50599,localport=7777]
2020-12-15 14:19:38 INFO  ChatServer:35 - Сервер ождидает подключения клиента...
2020-12-15 14:20:01 INFO  ChatServer:38 - Клиент успешно подключился. Сокет: Socket[addr=/127.0.0.1,port=50607,localport=7777]
2020-12-15 14:20:01 INFO  ChatServer:35 - Сервер ождидает подключения клиента...
2020-12-15 14:20:25 INFO  ChatServer:52 - Клиент n1 прислал сообщение n1: Hi!
2020-12-15 14:20:52 INFO  ChatServer:52 - Клиент n2 прислал сообщение n2: Hi!
2020-12-15 14:21:32 INFO  ChatServer:95 - Клиент n2: отправил сообщение клиенту n1
Сообщение: How are you? 
2020-12-15 14:21:55 INFO  ChatServer:52 - Клиент n2 прислал сообщение n2: -учше
2020-12-15 14:21:57 INFO  ChatServer:52 - Клиент n2 прислал сообщение n2: 
2020-12-15 14:22:03 INFO  ChatServer:52 - Клиент n прислал сообщение n2 вышел из чата
2020-12-15 14:22:11 INFO  ChatServer:52 - Клиент n прислал сообщение n1 вышел из чата
2020-12-15 14:26:08 INFO  ChatServer:26 - Сервер запускается...
2020-12-15 14:26:08 INFO  ChatServer:31 - Сервер успешно запущен
2020-12-15 14:26:08 INFO  ChatServer:35 - Сервер ождидает подключения клиента...
2020-12-15 14:26:15 INFO  ChatServer:38 - Клиент успешно подключился. Сокет: Socket[addr=/127.0.0.1,port=50638,localport=7777]
2020-12-15 14:26:15 INFO  ChatServer:35 - Сервер ождидает подключения клиента...
2020-12-15 14:26:25 INFO  ChatServer:118 - Клиент com.chat.server.ClientHandler@7cbf85f1 успешно авторизовался
2020-12-15 14:26:54 INFO  ChatServer:124 - Клиент com.chat.server.ClientHandler@7cbf85f1 вышел из чата
2020-12-15 14:26:54 INFO  ChatServer:52 - Клиент n прислал сообщение n1 вышел из чата
2020-12-15 14:26:54 INFO  ChatServer:124 - Клиент com.chat.server.ClientHandler@7cbf85f1 вышел из чата
2020-12-15 14:27:57 INFO  ChatServer:26 - Сервер запускается...
2020-12-15 14:27:57 INFO  ChatServer:31 - Сервер успешно запущен
2020-12-15 14:27:57 INFO  ChatServer:35 - Сервер ождидает подключения клиента...
2020-12-15 14:28:03 INFO  ChatServer:38 - Клиент успешно подключился. Сокет: Socket[addr=/127.0.0.1,port=50654,localport=7777]
2020-12-15 14:28:03 INFO  ChatServer:35 - Сервер ождидает подключения клиента...
2020-12-15 14:28:06 INFO  ChatServer:118 - Клиент n1 успешно авторизовался
2020-12-15 14:28:18 INFO  ChatServer:124 - Клиент n1 вышел из чата
2020-12-15 14:28:18 INFO  ChatServer:52 - Клиент n прислал сообщение: n1 вышел из чата
2020-12-15 14:28:18 INFO  ChatServer:124 - Клиент n1 вышел из чата
2020-12-15 15:25:30 INFO  ChatServer:26 - Сервер запускается...
2020-12-15 15:25:30 INFO  ChatServer:31 - Сервер успешно запущен
2020-12-15 15:25:30 INFO  ChatServer:35 - Сервер ождидает подключения клиента...
2020-12-15 15:25:38 INFO  ChatServer:38 - Клиент успешно подключился. Сокет: Socket[addr=/127.0.0.1,port=51140,localport=7777]
2020-12-15 15:25:38 INFO  ChatServer:35 - Сервер ождидает подключения клиента...
2020-12-15 15:25:50 INFO  ChatServer:38 - Клиент успешно подключился. Сокет: Socket[addr=/127.0.0.1,port=51146,localport=7777]
2020-12-15 15:25:50 INFO  ChatServer:35 - Сервер ождидает подключения клиента...
2020-12-15 15:26:08 INFO  ChatServer:118 - Клиент n1 авторизовался
2020-12-15 15:26:45 INFO  ChatServer:118 - Клиент n2 авторизовался
2020-12-15 15:26:54 INFO  ChatServer:52 - Клиент n2 прислал сообщение: n2: Hi!
2020-12-15 15:27:08 INFO  ChatServer:52 - Клиент n1 прислал сообщение: n1: Hi!
2020-12-15 15:27:47 INFO  ChatServer:52 - Клиент n1 прислал сообщение: n1: How are you?
2020-12-15 15:28:07 INFO  ChatServer:124 - Клиент n1 вышел из чата
2020-12-15 15:28:07 INFO  ChatServer:52 - Клиент n прислал сообщение: n1 вышел из чата
2020-12-15 15:28:07 INFO  ChatServer:124 - Клиент n1 вышел из чата
2020-12-15 15:28:28 INFO  ChatServer:124 - Клиент n2 вышел из чата
2020-12-15 15:28:28 INFO  ChatServer:52 - Клиент n прислал сообщение: n2 вышел из чата
2020-12-15 15:28:28 INFO  ChatServer:124 - Клиент n2 вышел из чата
